Determining if the pthread_create exist failed with the following output:
Change Dir: /home/cy/projects/piano/press_detect/build/CMakeFiles/CMakeTmp

Run Build Command:"/usr/bin/gmake" "cmTC_128cf/fast"
gmake[1]: 进入目录“/home/cy/projects/piano/press_detect/build/CMakeFiles/CMakeTmp”
/usr/bin/gmake -f CMakeFiles/cmTC_128cf.dir/build.make CMakeFiles/cmTC_128cf.dir/build
gmake[2]: 进入目录“/home/cy/projects/piano/press_detect/build/CMakeFiles/CMakeTmp”
Building C object CMakeFiles/cmTC_128cf.dir/CheckSymbolExists.c.o
/opt/rh/devtoolset-4/root/usr/bin/cc    -fPIC    -o CMakeFiles/cmTC_128cf.dir/CheckSymbolExists.c.o   -c /home/cy/projects/piano/press_detect/build/CMakeFiles/CMakeTmp/CheckSymbolExists.c
Linking C executable cmTC_128cf
/usr/local/bin/cmake -E cmake_link_script CMakeFiles/cmTC_128cf.dir/link.txt --verbose=1
/opt/rh/devtoolset-4/root/usr/bin/cc  -fPIC     CMakeFiles/cmTC_128cf.dir/CheckSymbolExists.c.o  -o cmTC_128cf -rdynamic 
CMakeFiles/cmTC_128cf.dir/CheckSymbolExists.c.o：在函数‘main’中：
CheckSymbolExists.c:(.text+0x1b)：对‘pthread_create’未定义的引用
collect2: error: ld returned 1 exit status
gmake[2]: *** [cmTC_128cf] 错误 1
gmake[2]: 离开目录“/home/cy/projects/piano/press_detect/build/CMakeFiles/CMakeTmp”
gmake[1]: *** [cmTC_128cf/fast] 错误 2
gmake[1]: 离开目录“/home/cy/projects/piano/press_detect/build/CMakeFiles/CMakeTmp”

File /home/cy/projects/piano/press_detect/build/CMakeFiles/CMakeTmp/CheckSymbolExists.c:
/* */
#include <pthread.h>

int main(int argc, char** argv)
{
  (void)argv;
#ifndef pthread_create
  return ((int*)(&pthread_create))[argc];
#else
  (void)argc;
  return 0;
#endif
}

Determining if the function pthread_create exists in the pthreads failed with the following output:
Change Dir: /home/cy/projects/piano/press_detect/build/CMakeFiles/CMakeTmp

Run Build Command:"/usr/bin/gmake" "cmTC_10786/fast"
gmake[1]: 进入目录“/home/cy/projects/piano/press_detect/build/CMakeFiles/CMakeTmp”
/usr/bin/gmake -f CMakeFiles/cmTC_10786.dir/build.make CMakeFiles/cmTC_10786.dir/build
gmake[2]: 进入目录“/home/cy/projects/piano/press_detect/build/CMakeFiles/CMakeTmp”
Building C object CMakeFiles/cmTC_10786.dir/CheckFunctionExists.c.o
/opt/rh/devtoolset-4/root/usr/bin/cc    -fPIC -DCHECK_FUNCTION_EXISTS=pthread_create   -o CMakeFiles/cmTC_10786.dir/CheckFunctionExists.c.o   -c /usr/local/share/cmake-3.7/Modules/CheckFunctionExists.c
Linking C executable cmTC_10786
/usr/local/bin/cmake -E cmake_link_script CMakeFiles/cmTC_10786.dir/link.txt --verbose=1
/opt/rh/devtoolset-4/root/usr/bin/cc  -fPIC -DCHECK_FUNCTION_EXISTS=pthread_create    CMakeFiles/cmTC_10786.dir/CheckFunctionExists.c.o  -o cmTC_10786 -rdynamic -lpthreads 
/opt/rh/devtoolset-4/root/usr/libexec/gcc/x86_64-redhat-linux/5.3.1/ld: cannot find -lpthreads
collect2: error: ld returned 1 exit status
gmake[2]: *** [cmTC_10786] 错误 1
gmake[2]: 离开目录“/home/cy/projects/piano/press_detect/build/CMakeFiles/CMakeTmp”
gmake[1]: *** [cmTC_10786/fast] 错误 2
gmake[1]: 离开目录“/home/cy/projects/piano/press_detect/build/CMakeFiles/CMakeTmp”


